Build started 04/01/2019 00:01:34.
     1>Project "C:\Users\Abdallah\Desktop\MasterProject\MasterProject\MasterProject.vcxproj" on node 2 (build target(s)).
     1>InitializeBuildStatus:
         Creating "Debug\MasterProject.unsuccessfulbuild" because "AlwaysCreate" was specified.
       ClCompile:
         All outputs are up-to-date.
         All outputs are up-to-date.
       ResourceCompile:
         All outputs are up-to-date.
       ManifestResourceCompile:
         All outputs are up-to-date.
       Link:
         All outputs are up-to-date.
       Manifest:
         C:\Program Files (x86)\Microsoft SDKs\Windows\v7.0A\bin\mt.exe /nologo /verbose /out:"Debug\MasterProject.exe.embed.manifest" /manifest Debug\MasterProject.exe.intermediate.manifest "C:\Program Files (x86)\Microsoft Visual Studio 10.0\VC\Include\Manifest\dpiaware.manifest"
         All outputs are up-to-date.
       FinalizeBuildStatus:
         Deleting file "Debug\MasterProject.unsuccessfulbuild".
         Touching "Debug\MasterProject.lastbuildstate".
     1>Done Building Project "C:\Users\Abdallah\Desktop\MasterProject\MasterProject\MasterProject.vcxproj" (build target(s)).

Build succeeded.

Time Elapsed 00:00:00.48
